2020-09-09 17:34:42.908 INFO  c.o.a.AdServiceApplication.logStartupProfileInfo:655 - The following profiles are active: dev
2020-09-09 17:34:43.520 INFO  o.s.d.r.c.RepositoryConfigurationDelegate.registerRepositoriesIn:127 - Bootstrapping Spring Data JPA repositories in DEFERRED mode.
2020-09-09 17:34:43.714 INFO  o.s.d.r.c.RepositoryConfigurationDelegate.registerRepositoriesIn:187 - Finished Spring Data repository scanning in 185ms. Found 8 JPA repository interfaces.
2020-09-09 17:34:43.995 INFO  o.s.c.c.s.GenericScope.setSerializationId:295 - BeanFactory id=96a70976-1fbf-3585-93c6-d3e43dffe6af
2020-09-09 17:34:44.034 INFO  o.s.c.s.PostProcessorRegistrationDelegate$BeanPostProcessorChecker.postProcessAfterInitialization:335 - Bean 'com.owasp.adservice.client.AuthClient' of type [org.springframework.cloud.openfeign.FeignClientFactoryBean] is not eligible for getting processed by all BeanPostProcessors (for example: not eligible for auto-proxying)
2020-09-09 17:34:44.060 INFO  o.s.c.s.PostProcessorRegistrationDelegate$BeanPostProcessorChecker.postProcessAfterInitialization:335 - Bean 'org.springframework.ws.config.annotation.DelegatingWsConfiguration' of type [org.springframework.ws.config.annotation.DelegatingWsConfiguration$$EnhancerBySpringCGLIB$$eea4233d] is not eligible for getting processed by all BeanPostProcessors (for example: not eligible for auto-proxying)
2020-09-09 17:34:44.092 INFO  o.s.w.s.a.s.AnnotationActionEndpointMapping.afterPropertiesSet:236 - Supporting [WS-Addressing August 2004, WS-Addressing 1.0]
2020-09-09 17:34:44.176 INFO  o.s.c.s.PostProcessorRegistrationDelegate$BeanPostProcessorChecker.postProcessAfterInitialization:335 - Bean 'org.springframework.security.access.expression.method.DefaultMethodSecurityExpressionHandler@4fc142ec' of type [org.springframework.security.access.expression.method.DefaultMethodSecurityExpressionHandler] is not eligible for getting processed by all BeanPostProcessors (for example: not eligible for auto-proxying)
2020-09-09 17:34:44.182 INFO  o.s.c.s.PostProcessorRegistrationDelegate$BeanPostProcessorChecker.postProcessAfterInitialization:335 - Bean 'methodSecurityMetadataSource' of type [org.springframework.security.access.method.DelegatingMethodSecurityMetadataSource] is not eligible for getting processed by all BeanPostProcessors (for example: not eligible for auto-proxying)
2020-09-09 17:34:44.663 INFO  o.s.b.w.e.t.TomcatWebServer.initialize:108 - Tomcat initialized with port(s): 8082 (http)
2020-09-09 17:34:44.674 INFO  o.a.c.h.Http11NioProtocol.log:173 - Initializing ProtocolHandler ["http-nio-8082"]
2020-09-09 17:34:44.674 INFO  o.a.c.c.StandardService.log:173 - Starting service [Tomcat]
2020-09-09 17:34:44.675 INFO  o.a.c.c.StandardEngine.log:173 - Starting Servlet engine: [Apache Tomcat/9.0.37]
2020-09-09 17:34:44.832 INFO  o.a.c.c.C.[.[.[/].log:173 - Initializing Spring embedded WebApplicationContext
2020-09-09 17:34:44.832 INFO  o.s.b.w.s.c.ServletWebServerApplicationContext.prepareWebApplicationContext:285 - Root WebApplicationContext: initialization completed in 1907 ms
2020-09-09 17:34:45.029 INFO  o.s.s.c.ThreadPoolTaskExecutor.initialize:181 - Initializing ExecutorService 'applicationTaskExecutor'
2020-09-09 17:34:45.078 INFO  o.h.j.i.u.LogHelper.logPersistenceUnitInformation:31 - HHH000204: Processing PersistenceUnitInfo [name: default]
2020-09-09 17:34:45.141 INFO  o.h.Version.logVersion:44 - HHH000412: Hibernate ORM core version 5.4.18.Final
2020-09-09 17:34:45.310 INFO  o.h.a.c.Version.<clinit>:49 - HCANN000001: Hibernate Commons Annotations {5.1.0.Final}
2020-09-09 17:34:45.362 INFO  o.s.d.r.c.DeferredRepositoryInitializationListener.onApplicationEvent:49 - Triggering deferred initialization of Spring Data repositories…
2020-09-09 17:34:45.444 INFO  c.z.h.HikariDataSource.getConnection:110 - HikariPool-1 - Starting...
2020-09-09 17:34:45.557 INFO  c.z.h.HikariDataSource.getConnection:123 - HikariPool-1 - Start completed.
2020-09-09 17:34:45.575 INFO  o.h.d.Dialect.<init>:172 - HHH000400: Using dialect: org.hibernate.dialect.PostgreSQL95Dialect
2020-09-09 17:34:46.573 INFO  o.h.e.t.j.p.i.JtaPlatformInitiator.initiateService:52 - HHH000490: Using JtaPlatform implementation: [org.hibernate.engine.transaction.jta.platform.internal.NoJtaPlatform]
2020-09-09 17:34:46.579 INFO  o.s.o.j.LocalContainerEntityManagerFactoryBean.buildNativeEntityManagerFactory:416 - Initialized JPA EntityManagerFactory for persistence unit 'default'
2020-09-09 17:34:47.109 INFO  o.s.d.r.c.DeferredRepositoryInitializationListener.onApplicationEvent:53 - Spring Data repositories initialized!
2020-09-09 17:34:47.390 INFO  o.s.s.w.DefaultSecurityFilterChain.<init>:43 - Creating filter chain: any request, [org.springframework.security.web.context.request.async.WebAsyncManagerIntegrationFilter@38588dea, org.springframework.security.web.context.SecurityContextPersistenceFilter@4d0cc83e, org.springframework.security.web.header.HeaderWriterFilter@4e424582, org.springframework.security.web.authentication.logout.LogoutFilter@5e0c4f21, com.owasp.adservice.security.AuthenticationTokenFilter@4bd5849e, org.springframework.security.web.savedrequest.RequestCacheAwareFilter@bc09d57, org.springframework.security.web.servletapi.SecurityContextHolderAwareRequestFilter@5a566922, org.springframework.security.web.authentication.AnonymousAuthenticationFilter@553d2579, org.springframework.security.web.session.SessionManagementFilter@73e776b7, org.springframework.security.web.access.ExceptionTranslationFilter@498c535d, org.springframework.security.web.access.intercept.FilterSecurityInterceptor@64518270]
2020-09-09 17:34:47.407 INFO  c.n.c.s.URLConfigurationSource.<init>:122 - To enable URLs as dynamic configuration sources, define System property archaius.configurationSource.additionalUrls or make config.properties available on classpath.
2020-09-09 17:34:47.412 INFO  c.n.c.s.URLConfigurationSource.<init>:122 - To enable URLs as dynamic configuration sources, define System property archaius.configurationSource.additionalUrls or make config.properties available on classpath.
2020-09-09 17:34:48.398 INFO  o.s.c.n.e.InstanceInfoFactory.create:72 - Setting initial instance status as: STARTING
2020-09-09 17:34:48.469 INFO  c.n.d.DiscoveryClient.<init>:368 - Initializing Eureka in region us-east-1
2020-09-09 17:34:48.808 INFO  c.n.d.p.DiscoveryJerseyProvider.<init>:70 - Using JSON encoding codec LegacyJacksonJson
2020-09-09 17:34:48.809 INFO  c.n.d.p.DiscoveryJerseyProvider.<init>:71 - Using JSON decoding codec LegacyJacksonJson
2020-09-09 17:34:48.923 INFO  c.n.d.p.DiscoveryJerseyProvider.<init>:80 - Using XML encoding codec XStreamXml
2020-09-09 17:34:48.923 INFO  c.n.d.p.DiscoveryJerseyProvider.<init>:81 - Using XML decoding codec XStreamXml
2020-09-09 17:34:49.061 INFO  c.n.d.s.r.a.ConfigClusterResolver.getClusterEndpoints:43 - Resolving eureka endpoints via configuration
2020-09-09 17:34:49.215 INFO  c.n.d.DiscoveryClient.fetchRegistry:981 - Disable delta property : false
2020-09-09 17:34:49.216 INFO  c.n.d.DiscoveryClient.fetchRegistry:982 - Single vip registry refresh property : null
2020-09-09 17:34:49.216 INFO  c.n.d.DiscoveryClient.fetchRegistry:983 - Force full registry fetch : false
2020-09-09 17:34:49.216 INFO  c.n.d.DiscoveryClient.fetchRegistry:984 - Application is null : false
2020-09-09 17:34:49.216 INFO  c.n.d.DiscoveryClient.fetchRegistry:985 - Registered Applications size is zero : true
2020-09-09 17:34:49.216 INFO  c.n.d.DiscoveryClient.fetchRegistry:987 - Application version is -1: true
2020-09-09 17:34:49.217 INFO  c.n.d.DiscoveryClient.getAndStoreFullRegistry:1070 - Getting all instance registry info from the eureka server
2020-09-09 17:34:49.368 INFO  c.n.d.DiscoveryClient.getAndStoreFullRegistry:1079 - The response status is 200
2020-09-09 17:34:49.371 INFO  c.n.d.DiscoveryClient.initScheduledTasks:1294 - Starting heartbeat executor: renew interval is: 30
2020-09-09 17:34:49.373 INFO  c.n.d.InstanceInfoReplicator.<init>:60 - InstanceInfoReplicator onDemand update allowed rate per min is 4
2020-09-09 17:34:49.376 INFO  c.n.d.DiscoveryClient.<init>:468 - Discovery Client initialized at timestamp 1599665689375 with initial instances count: 2
2020-09-09 17:34:49.379 INFO  o.s.c.n.e.s.EurekaServiceRegistry.register:41 - Registering application AD with eureka with status UP
2020-09-09 17:34:49.380 INFO  c.n.d.DiscoveryClient.notify:1330 - Saw local status change event StatusChangeEvent [timestamp=1599665689380, current=UP, previous=STARTING]
2020-09-09 17:34:49.382 INFO  o.a.c.h.Http11NioProtocol.log:173 - Starting ProtocolHandler ["http-nio-8082"]
2020-09-09 17:34:49.382 INFO  c.n.d.DiscoveryClient.register:847 - DiscoveryClient_AD/host.docker.internal:ad:8082: registering service...
2020-09-09 17:34:49.414 INFO  o.s.b.w.e.t.TomcatWebServer.start:220 - Tomcat started on port(s): 8082 (http) with context path ''
2020-09-09 17:34:49.415 INFO  o.s.c.n.e.s.EurekaAutoServiceRegistration.onApplicationEvent:145 - Updating port to 8082
2020-09-09 17:34:49.425 INFO  c.n.d.DiscoveryClient.register:856 - DiscoveryClient_AD/host.docker.internal:ad:8082 - registration status: 204
2020-09-09 17:34:49.625 INFO  o.s.d.r.c.DeferredRepositoryInitializationListener.onApplicationEvent:49 - Triggering deferred initialization of Spring Data repositories…
2020-09-09 17:34:49.626 INFO  o.s.d.r.c.DeferredRepositoryInitializationListener.onApplicationEvent:53 - Spring Data repositories initialized!
2020-09-09 17:34:49.634 INFO  c.o.a.AdServiceApplication.logStarted:61 - Started AdServiceApplication in 8.172 seconds (JVM running for 8.68)
2020-09-09 17:37:50.382 INFO  o.a.c.c.C.[.[.[/].log:173 - Initializing Spring DispatcherServlet 'dispatcherServlet'
2020-09-09 17:37:50.383 INFO  o.s.w.s.DispatcherServlet.initServletBean:525 - Initializing Servlet 'dispatcherServlet'
2020-09-09 17:37:50.399 INFO  o.s.w.s.DispatcherServlet.initServletBean:547 - Completed initialization in 16 ms
2020-09-09 17:37:51.548 INFO  c.n.c.ChainedDynamicProperty.checkAndFlip:115 - Flipping property: auth.ribbon.ActiveConnectionsLimit to use NEXT property: niws.loadbalancer.availabilityFilteringRule.activeConnectionsLimit = 2147483647
2020-09-09 17:37:51.606 INFO  c.n.u.c.ShutdownEnabledTimer.<init>:58 - Shutdown hook installed for: NFLoadBalancer-PingTimer-auth
2020-09-09 17:37:51.607 INFO  c.n.l.BaseLoadBalancer.initWithConfig:197 - Client: auth instantiated a LoadBalancer: DynamicServerListLoadBalancer:{NFLoadBalancer:name=auth,current list of Servers=[],Load balancer stats=Zone stats: {},Server stats: []}ServerList:null
2020-09-09 17:37:51.621 INFO  c.n.l.DynamicServerListLoadBalancer.enableAndInitLearnNewServersFeature:222 - Using serverListUpdater PollingServerListUpdater
2020-09-09 17:37:51.649 INFO  c.n.c.ChainedDynamicProperty.checkAndFlip:115 - Flipping property: auth.ribbon.ActiveConnectionsLimit to use NEXT property: niws.loadbalancer.availabilityFilteringRule.activeConnectionsLimit = 2147483647
2020-09-09 17:37:51.653 INFO  c.n.l.DynamicServerListLoadBalancer.restOfInit:150 - DynamicServerListLoadBalancer for client auth initialized: DynamicServerListLoadBalancer:{NFLoadBalancer:name=auth,current list of Servers=[192.168.2.37:8081],Load balancer stats=Zone stats: {defaultzone=[Zone:defaultzone;	Instance count:1;	Active connections count: 0;	Circuit breaker tripped count: 0;	Active connections per server: 0.0;]
},Server stats: [[Server:192.168.2.37:8081;	Zone:defaultZone;	Total Requests:0;	Successive connection failure:0;	Total blackout seconds:0;	Last connection made:Thu Jan 01 01:00:00 CET 1970;	First connection made: Thu Jan 01 01:00:00 CET 1970;	Active Connections:0;	total failure count in last (1000) msecs:0;	average resp time:0.0;	90 percentile resp time:0.0;	95 percentile resp time:0.0;	min resp time:0.0;	max resp time:0.0;	stddev resp time:0.0]
]}ServerList:org.springframework.cloud.netflix.ribbon.eureka.DomainExtractingServerList@3a299e0b
2020-09-09 17:37:51.668 INFO  o.s.d.r.c.DeferredRepositoryInitializationListener.onApplicationEvent:49 - Triggering deferred initialization of Spring Data repositories…
2020-09-09 17:37:51.669 INFO  o.s.d.r.c.DeferredRepositoryInitializationListener.onApplicationEvent:53 - Spring Data repositories initialized!
2020-09-09 17:37:52.624 INFO  c.n.c.ChainedDynamicProperty.checkAndFlip:115 - Flipping property: auth.ribbon.ActiveConnectionsLimit to use NEXT property: niws.loadbalancer.availabilityFilteringRule.activeConnectionsLimit = 2147483647
2020-09-09 17:38:07.341 INFO  c.o.a.s.i.RequestService.createRequest:335 - [customer@gmail.com] create ad request
2020-09-09 17:38:46.736 INFO  c.o.a.s.i.RequestService.approveRequest:216 - [agent@gmail.com] approve request (06b82d30-1e13-4a2e-b561-06e82dc3eaa9)
2020-09-09 17:38:52.902 INFO  c.o.a.s.i.RequestService.payRequest:192 - [customer@gmail.com] pay request (06b82d30-1e13-4a2e-b561-06e82dc3eaa9)
2020-09-09 17:39:00.810 INFO  c.o.a.s.i.CommentService.postComment:51 - [customer@gmail.com] post comment
2020-09-09 17:39:49.220 INFO  c.n.d.s.r.a.ConfigClusterResolver.getClusterEndpoints:43 - Resolving eureka endpoints via configuration
2020-09-09 17:39:54.626 INFO  c.o.a.s.i.RatingService.addRate:39 - [customer@gmail.com] user set rate
2020-09-09 17:44:49.222 INFO  c.n.d.s.r.a.ConfigClusterResolver.getClusterEndpoints:43 - Resolving eureka endpoints via configuration
